<?xml version="1.0" encoding="UTF-8"?>
<!-- Generated by org.testng.reporters.JUnitReportReporter -->
<testsuite hostname="W0472501MSMXT" name="runner.RunCuke" tests="1" failures="0" timestamp="27 Dec 2019 09:18:16 GMT" time="20.315" errors="0">
  <testcase name="feature" time="20.315" classname="runner.RunCuke"/>
</testsuite> <!-- runner.RunCuke -->
