<?xml version="1.0" encoding="UTF-8"?>
<!-- Generated by org.testng.reporters.JUnitReportReporter -->
<testsuite hostname="W0472501MSMXT" name="runner.RunCuke" tests="2" failures="0" timestamp="28 Dec 2019 08:58:50 GMT" time="67.389" errors="0">
  <testcase name="feature" time="40.801" classname="runner.RunCuke"/>
  <testcase name="feature" time="26.588" classname="runner.RunCuke"/>
</testsuite> <!-- runner.RunCuke -->
